[0.655s] Invoking command in '/home/ryo/ros2_ws/src/mypkg': PYTHONPATH=/home/ryo/ros2_ws/src/mypkg/install/mypkg/lib/python3.10/site-packages:${PYTHONPATH} /usr/bin/python3 setup.py egg_info --egg-base build/mypkg build --build-base /home/ryo/ros2_ws/src/mypkg/build/mypkg/build install --prefix /home/ryo/ros2_ws/src/mypkg/install/mypkg --record /home/ryo/ros2_ws/src/mypkg/build/mypkg/install.log --single-version-externally-managed
[0.934s] running egg_info
[0.934s] writing build/mypkg/mypkg.egg-info/PKG-INFO
[0.935s] writing dependency_links to build/mypkg/mypkg.egg-info/dependency_links.txt
[0.935s] writing entry points to build/mypkg/mypkg.egg-info/entry_points.txt
[0.936s] writing requirements to build/mypkg/mypkg.egg-info/requires.txt
[0.936s] writing top-level names to build/mypkg/mypkg.egg-info/top_level.txt
[0.938s] reading manifest file 'build/mypkg/mypkg.egg-info/SOURCES.txt'
[0.939s] adding license file 'LICENSE'
[0.940s] writing manifest file 'build/mypkg/mypkg.egg-info/SOURCES.txt'
[0.941s] running build
[0.942s] running build_py
[0.942s] running install
[0.942s] running install_lib
[0.943s] /usr/lib/python3/dist-packages/setuptools/command/install.py:34: SetuptoolsDeprecationWarning: setup.py install is deprecated. Use build and pip and other standards-based tools.
[0.943s]   warnings.warn(
[0.943s] running install_data
[0.944s] copying package.xml -> /home/ryo/ros2_ws/src/mypkg/install/mypkg/share/mypkg
[0.944s] running install_egg_info
[0.946s] removing '/home/ryo/ros2_ws/src/mypkg/install/mypkg/lib/python3.10/site-packages/mypkg-0.0.0-py3.10.egg-info' (and everything under it)
[0.946s] Copying build/mypkg/mypkg.egg-info to /home/ryo/ros2_ws/src/mypkg/install/mypkg/lib/python3.10/site-packages/mypkg-0.0.0-py3.10.egg-info
[0.948s] running install_scripts
[0.971s] Installing listener script to /home/ryo/ros2_ws/src/mypkg/install/mypkg/lib/mypkg
[0.972s] Installing talker script to /home/ryo/ros2_ws/src/mypkg/install/mypkg/lib/mypkg
[0.972s] writing list of installed files to '/home/ryo/ros2_ws/src/mypkg/build/mypkg/install.log'
[0.999s] Invoked command in '/home/ryo/ros2_ws/src/mypkg' returned '0': PYTHONPATH=/home/ryo/ros2_ws/src/mypkg/install/mypkg/lib/python3.10/site-packages:${PYTHONPATH} /usr/bin/python3 setup.py egg_info --egg-base build/mypkg build --build-base /home/ryo/ros2_ws/src/mypkg/build/mypkg/build install --prefix /home/ryo/ros2_ws/src/mypkg/install/mypkg --record /home/ryo/ros2_ws/src/mypkg/build/mypkg/install.log --single-version-externally-managed
