[0.651s] Invoking command in '/home/ryo/ros2_ws/src/mypkg': PYTHONPATH=/home/ryo/ros2_ws/src/mypkg/install/mypkg/lib/python3.10/site-packages:${PYTHONPATH} /usr/bin/python3 setup.py egg_info --egg-base build/mypkg build --build-base /home/ryo/ros2_ws/src/mypkg/build/mypkg/build install --prefix /home/ryo/ros2_ws/src/mypkg/install/mypkg --record /home/ryo/ros2_ws/src/mypkg/build/mypkg/install.log --single-version-externally-managed
[0.904s] running egg_info
[0.905s] writing build/mypkg/mypkg.egg-info/PKG-INFO
[0.906s] writing dependency_links to build/mypkg/mypkg.egg-info/dependency_links.txt
[0.906s] writing entry points to build/mypkg/mypkg.egg-info/entry_points.txt
[0.906s] writing requirements to build/mypkg/mypkg.egg-info/requires.txt
[0.906s] writing top-level names to build/mypkg/mypkg.egg-info/top_level.txt
[0.909s] reading manifest file 'build/mypkg/mypkg.egg-info/SOURCES.txt'
[0.909s] adding license file 'LICENSE'
[0.910s] writing manifest file 'build/mypkg/mypkg.egg-info/SOURCES.txt'
[0.911s] running build
[0.911s] running build_py
[0.912s] /usr/lib/python3/dist-packages/setuptools/command/install.py:34: SetuptoolsDeprecationWarning: setup.py install is deprecated. Use build and pip and other standards-based tools.
[0.912s]   warnings.warn(
[0.912s] copying mypkg/talker.py -> /home/ryo/ros2_ws/src/mypkg/build/mypkg/build/lib/mypkg
[0.912s] running install
[0.912s] running install_lib
[0.913s] copying /home/ryo/ros2_ws/src/mypkg/build/mypkg/build/lib/mypkg/talker.py -> /home/ryo/ros2_ws/src/mypkg/install/mypkg/lib/python3.10/site-packages/mypkg
[0.914s] byte-compiling /home/ryo/ros2_ws/src/mypkg/install/mypkg/lib/python3.10/site-packages/mypkg/talker.py to talker.cpython-310.pyc
[0.914s] byte-compiling /home/ryo/ros2_ws/src/mypkg/install/mypkg/lib/python3.10/site-packages/mypkg/listener.py to listener.cpython-310.pyc
[0.915s]   File "/home/ryo/ros2_ws/src/mypkg/install/mypkg/lib/python3.10/site-packages/mypkg/listener.py", line 14
[0.915s]     pub = node.create_subscription(Int16 "countup", cb, 10)
[0.915s]                                          ^^^^^^^^^
[0.915s] SyntaxError: invalid syntax
[0.915s] 
[0.916s] running install_data
[0.916s] copying package.xml -> /home/ryo/ros2_ws/src/mypkg/install/mypkg/share/mypkg
[0.916s] running install_egg_info
[0.918s] removing '/home/ryo/ros2_ws/src/mypkg/install/mypkg/lib/python3.10/site-packages/mypkg-0.0.0-py3.10.egg-info' (and everything under it)
[0.918s] Copying build/mypkg/mypkg.egg-info to /home/ryo/ros2_ws/src/mypkg/install/mypkg/lib/python3.10/site-packages/mypkg-0.0.0-py3.10.egg-info
[0.919s] running install_scripts
[0.942s] Installing listener script to /home/ryo/ros2_ws/src/mypkg/install/mypkg/lib/mypkg
[0.942s] Installing talker script to /home/ryo/ros2_ws/src/mypkg/install/mypkg/lib/mypkg
[0.942s] writing list of installed files to '/home/ryo/ros2_ws/src/mypkg/build/mypkg/install.log'
[0.967s] Invoked command in '/home/ryo/ros2_ws/src/mypkg' returned '0': PYTHONPATH=/home/ryo/ros2_ws/src/mypkg/install/mypkg/lib/python3.10/site-packages:${PYTHONPATH} /usr/bin/python3 setup.py egg_info --egg-base build/mypkg build --build-base /home/ryo/ros2_ws/src/mypkg/build/mypkg/build install --prefix /home/ryo/ros2_ws/src/mypkg/install/mypkg --record /home/ryo/ros2_ws/src/mypkg/build/mypkg/install.log --single-version-externally-managed
