[0.866s] Invoking command in '/home/ryo/ros2_ws/src/mypkg': PYTHONPATH=/home/ryo/ros2_ws/src/mypkg/install/mypkg/lib/python3.10/site-packages:${PYTHONPATH} /usr/bin/python3 setup.py egg_info --egg-base build/mypkg build --build-base /home/ryo/ros2_ws/src/mypkg/build/mypkg/build install --prefix /home/ryo/ros2_ws/src/mypkg/install/mypkg --record /home/ryo/ros2_ws/src/mypkg/build/mypkg/install.log --single-version-externally-managed
[1.249s] running egg_info
[1.251s] writing build/mypkg/mypkg.egg-info/PKG-INFO
[1.252s] writing dependency_links to build/mypkg/mypkg.egg-info/dependency_links.txt
[1.252s] writing entry points to build/mypkg/mypkg.egg-info/entry_points.txt
[1.252s] writing requirements to build/mypkg/mypkg.egg-info/requires.txt
[1.252s] writing top-level names to build/mypkg/mypkg.egg-info/top_level.txt
[1.255s] reading manifest file 'build/mypkg/mypkg.egg-info/SOURCES.txt'
[1.256s] adding license file 'LICENSE'
[1.258s] writing manifest file 'build/mypkg/mypkg.egg-info/SOURCES.txt'
[1.258s] running build
[1.259s] running build_py
[1.260s] /usr/lib/python3/dist-packages/setuptools/command/install.py:34: SetuptoolsDeprecationWarning: setup.py install is deprecated. Use build and pip and other standards-based tools.
[1.260s]   warnings.warn(
[1.261s] copying mypkg/listener.py -> /home/ryo/ros2_ws/src/mypkg/build/mypkg/build/lib/mypkg
[1.261s] running install
[1.261s] running install_lib
[1.262s] copying /home/ryo/ros2_ws/src/mypkg/build/mypkg/build/lib/mypkg/listener.py -> /home/ryo/ros2_ws/src/mypkg/install/mypkg/lib/python3.10/site-packages/mypkg
[1.263s] byte-compiling /home/ryo/ros2_ws/src/mypkg/install/mypkg/lib/python3.10/site-packages/mypkg/listener.py to listener.cpython-310.pyc
[1.264s] running install_data
[1.265s] running install_egg_info
[1.268s] removing '/home/ryo/ros2_ws/src/mypkg/install/mypkg/lib/python3.10/site-packages/mypkg-0.0.0-py3.10.egg-info' (and everything under it)
[1.268s] Copying build/mypkg/mypkg.egg-info to /home/ryo/ros2_ws/src/mypkg/install/mypkg/lib/python3.10/site-packages/mypkg-0.0.0-py3.10.egg-info
[1.269s] running install_scripts
[1.299s] Installing listener script to /home/ryo/ros2_ws/src/mypkg/install/mypkg/lib/mypkg
[1.299s] Installing talker script to /home/ryo/ros2_ws/src/mypkg/install/mypkg/lib/mypkg
[1.299s] writing list of installed files to '/home/ryo/ros2_ws/src/mypkg/build/mypkg/install.log'
[1.330s] Invoked command in '/home/ryo/ros2_ws/src/mypkg' returned '0': PYTHONPATH=/home/ryo/ros2_ws/src/mypkg/install/mypkg/lib/python3.10/site-packages:${PYTHONPATH} /usr/bin/python3 setup.py egg_info --egg-base build/mypkg build --build-base /home/ryo/ros2_ws/src/mypkg/build/mypkg/build install --prefix /home/ryo/ros2_ws/src/mypkg/install/mypkg --record /home/ryo/ros2_ws/src/mypkg/build/mypkg/install.log --single-version-externally-managed
