[0.649s] Invoking command in '/home/ryo/ros2_ws/src/mypkg': PYTHONPATH=/home/ryo/ros2_ws/src/mypkg/install/mypkg/lib/python3.10/site-packages:${PYTHONPATH} /usr/bin/python3 setup.py egg_info --egg-base build/mypkg build --build-base /home/ryo/ros2_ws/src/mypkg/build/mypkg/build install --prefix /home/ryo/ros2_ws/src/mypkg/install/mypkg --record /home/ryo/ros2_ws/src/mypkg/build/mypkg/install.log --single-version-externally-managed
[0.881s] running egg_info
[0.882s] writing build/mypkg/mypkg.egg-info/PKG-INFO
[0.882s] writing dependency_links to build/mypkg/mypkg.egg-info/dependency_links.txt
[0.882s] writing entry points to build/mypkg/mypkg.egg-info/entry_points.txt
[0.882s] writing requirements to build/mypkg/mypkg.egg-info/requires.txt
[0.882s] writing top-level names to build/mypkg/mypkg.egg-info/top_level.txt
[0.884s] reading manifest file 'build/mypkg/mypkg.egg-info/SOURCES.txt'
[0.884s] adding license file 'LICENSE'
[0.885s] writing manifest file 'build/mypkg/mypkg.egg-info/SOURCES.txt'
[0.885s] running build
[0.885s] running build_py
[0.886s] running install
[0.886s] running install_lib
[0.886s] /usr/lib/python3/dist-packages/setuptools/command/install.py:34: SetuptoolsDeprecationWarning: setup.py install is deprecated. Use build and pip and other standards-based tools.
[0.887s]   warnings.warn(
[0.887s] byte-compiling /home/ryo/ros2_ws/src/mypkg/install/mypkg/lib/python3.10/site-packages/mypkg/listener.py to listener.cpython-310.pyc
[0.887s]   File "/home/ryo/ros2_ws/src/mypkg/install/mypkg/lib/python3.10/site-packages/mypkg/listener.py", line 14
[0.888s]     pub = node.create_subscription(Int16 "countup", cb, 10)
[0.888s]                                          ^^^^^^^^^
[0.888s] SyntaxError: invalid syntax
[0.888s] 
[0.889s] running install_data
[0.889s] running install_egg_info
[0.890s] removing '/home/ryo/ros2_ws/src/mypkg/install/mypkg/lib/python3.10/site-packages/mypkg-0.0.0-py3.10.egg-info' (and everything under it)
[0.890s] Copying build/mypkg/mypkg.egg-info to /home/ryo/ros2_ws/src/mypkg/install/mypkg/lib/python3.10/site-packages/mypkg-0.0.0-py3.10.egg-info
[0.891s] running install_scripts
[0.912s] Installing listener script to /home/ryo/ros2_ws/src/mypkg/install/mypkg/lib/mypkg
[0.913s] Installing talker script to /home/ryo/ros2_ws/src/mypkg/install/mypkg/lib/mypkg
[0.913s] writing list of installed files to '/home/ryo/ros2_ws/src/mypkg/build/mypkg/install.log'
[0.938s] Invoked command in '/home/ryo/ros2_ws/src/mypkg' returned '0': PYTHONPATH=/home/ryo/ros2_ws/src/mypkg/install/mypkg/lib/python3.10/site-packages:${PYTHONPATH} /usr/bin/python3 setup.py egg_info --egg-base build/mypkg build --build-base /home/ryo/ros2_ws/src/mypkg/build/mypkg/build install --prefix /home/ryo/ros2_ws/src/mypkg/install/mypkg --record /home/ryo/ros2_ws/src/mypkg/build/mypkg/install.log --single-version-externally-managed
