[0.937s] Invoking command in '/home/ryo/ros2_ws/src/mypkg': PYTHONPATH=/home/ryo/ros2_ws/src/mypkg/install/mypkg/lib/python3.10/site-packages:${PYTHONPATH} /usr/bin/python3 setup.py egg_info --egg-base build/mypkg build --build-base /home/ryo/ros2_ws/src/mypkg/build/mypkg/build install --prefix /home/ryo/ros2_ws/src/mypkg/install/mypkg --record /home/ryo/ros2_ws/src/mypkg/build/mypkg/install.log --single-version-externally-managed
[1.192s] running egg_info
[1.192s] writing build/mypkg/mypkg.egg-info/PKG-INFO
[1.193s] writing dependency_links to build/mypkg/mypkg.egg-info/dependency_links.txt
[1.193s] writing entry points to build/mypkg/mypkg.egg-info/entry_points.txt
[1.193s] writing requirements to build/mypkg/mypkg.egg-info/requires.txt
[1.194s] writing top-level names to build/mypkg/mypkg.egg-info/top_level.txt
[1.196s] reading manifest file 'build/mypkg/mypkg.egg-info/SOURCES.txt'
[1.196s] adding license file 'LICENSE'
[1.197s] writing manifest file 'build/mypkg/mypkg.egg-info/SOURCES.txt'
[1.197s] running build
[1.198s] running build_py
[1.198s] copying mypkg/talker.py -> /home/ryo/ros2_ws/src/mypkg/build/mypkg/build/lib/mypkg
[1.198s] copying mypkg/listener.py -> /home/ryo/ros2_ws/src/mypkg/build/mypkg/build/lib/mypkg
[1.198s] running install
[1.213s] /usr/lib/python3/dist-packages/setuptools/command/install.py:34: SetuptoolsDeprecationWarning: setup.py install is deprecated. Use build and pip and other standards-based tools.
[1.213s]   warnings.warn(
[1.213s] running install_lib
[1.215s] copying /home/ryo/ros2_ws/src/mypkg/build/mypkg/build/lib/mypkg/talker.py -> /home/ryo/ros2_ws/src/mypkg/install/mypkg/lib/python3.10/site-packages/mypkg
[1.215s] copying /home/ryo/ros2_ws/src/mypkg/build/mypkg/build/lib/mypkg/listener.py -> /home/ryo/ros2_ws/src/mypkg/install/mypkg/lib/python3.10/site-packages/mypkg
[1.216s] byte-compiling /home/ryo/ros2_ws/src/mypkg/install/mypkg/lib/python3.10/site-packages/mypkg/talker.py to talker.cpython-310.pyc
[1.217s] byte-compiling /home/ryo/ros2_ws/src/mypkg/install/mypkg/lib/python3.10/site-packages/mypkg/listener.py to listener.cpython-310.pyc
[1.217s]   File "/home/ryo/ros2_ws/src/mypkg/install/mypkg/lib/python3.10/site-packages/mypkg/listener.py", line 14
[1.217s]     pub = node.create_subscription(Int16 "countup", cb, 10)
[1.217s]                                          ^^^^^^^^^
[1.217s] SyntaxError: invalid syntax
[1.217s] 
[1.217s] running install_data
[1.218s] copying package.xml -> /home/ryo/ros2_ws/src/mypkg/install/mypkg/share/mypkg
[1.218s] copying launch/talk_listen.launch.py -> /home/ryo/ros2_ws/src/mypkg/install/mypkg/share/mypkg
[1.218s] running install_egg_info
[1.220s] removing '/home/ryo/ros2_ws/src/mypkg/install/mypkg/lib/python3.10/site-packages/mypkg-0.0.0-py3.10.egg-info' (and everything under it)
[1.220s] Copying build/mypkg/mypkg.egg-info to /home/ryo/ros2_ws/src/mypkg/install/mypkg/lib/python3.10/site-packages/mypkg-0.0.0-py3.10.egg-info
[1.222s] running install_scripts
[1.245s] Installing listener script to /home/ryo/ros2_ws/src/mypkg/install/mypkg/lib/mypkg
[1.245s] Installing talker script to /home/ryo/ros2_ws/src/mypkg/install/mypkg/lib/mypkg
[1.246s] writing list of installed files to '/home/ryo/ros2_ws/src/mypkg/build/mypkg/install.log'
[1.273s] Invoked command in '/home/ryo/ros2_ws/src/mypkg' returned '0': PYTHONPATH=/home/ryo/ros2_ws/src/mypkg/install/mypkg/lib/python3.10/site-packages:${PYTHONPATH} /usr/bin/python3 setup.py egg_info --egg-base build/mypkg build --build-base /home/ryo/ros2_ws/src/mypkg/build/mypkg/build install --prefix /home/ryo/ros2_ws/src/mypkg/install/mypkg --record /home/ryo/ros2_ws/src/mypkg/build/mypkg/install.log --single-version-externally-managed
